<?xml version="1.0" encoding="UTF-8"?>
<coverage generated="1778014269010" clover="3.2.0">
  <project timestamp="1778014269011" name="All files">
    <metrics statements="32" coveredstatements="31" conditionals="10" coveredconditionals="9" methods="15" coveredmethods="15" elements="57" coveredelements="55" complexity="0" loc="32" ncloc="32" packages="4" files="7" classes="7"/>
    <package name="public">
      <metrics statements="0" coveredstatements="0" conditionals="0" coveredconditionals="0" methods="0" coveredmethods="0"/>
      <file name="to_do_list.png" path="D:\Practice projects 2026\To-Do List App Using React JS And Tailwind CSS\public\to_do_list.png">
        <metrics statements="0" coveredstatements="0" conditionals="0" coveredconditionals="0" methods="0" coveredmethods="0"/>
      </file>
    </package>
    <package name="src">
      <metrics statements="2" coveredstatements="2" conditionals="0" coveredconditionals="0" methods="1" coveredmethods="1"/>
      <file name="App.jsx" path="D:\Practice projects 2026\To-Do List App Using React JS And Tailwind CSS\src\App.jsx">
        <metrics statements="2" coveredstatements="2" conditionals="0" coveredconditionals="0" methods="1" coveredmethods="1"/>
        <line num="4" count="3" type="stmt"/>
        <line num="5" count="3" type="stmt"/>
      </file>
    </package>
    <package name="src.assets">
      <metrics statements="0" coveredstatements="0" conditionals="0" coveredconditionals="0" methods="0" coveredmethods="0"/>
      <file name="delete.png" path="D:\Practice projects 2026\To-Do List App Using React JS And Tailwind CSS\src\assets\delete.png">
        <metrics statements="0" coveredstatements="0" conditionals="0" coveredconditionals="0" methods="0" coveredmethods="0"/>
      </file>
      <file name="tick.png" path="D:\Practice projects 2026\To-Do List App Using React JS And Tailwind CSS\src\assets\tick.png">
        <metrics statements="0" coveredstatements="0" conditionals="0" coveredconditionals="0" methods="0" coveredmethods="0"/>
      </file>
      <file name="untick.png" path="D:\Practice projects 2026\To-Do List App Using React JS And Tailwind CSS\src\assets\untick.png">
        <metrics statements="0" coveredstatements="0" conditionals="0" coveredconditionals="0" methods="0" coveredmethods="0"/>
      </file>
    </package>
    <package name="src.components">
      <metrics statements="30" coveredstatements="29" conditionals="10" coveredconditionals="9" methods="14" coveredmethods="14"/>
      <file name="Todo.jsx" path="D:\Practice projects 2026\To-Do List App Using React JS And Tailwind CSS\src\components\Todo.jsx">
        <metrics statements="26" coveredstatements="25" conditionals="6" coveredconditionals="5" methods="11" coveredmethods="11"/>
        <line num="5" count="3" type="stmt"/>
        <line num="7" count="8" type="cond" truecount="2" falsecount="0"/>
        <line num="8" count="8" type="stmt"/>
        <line num="10" count="8" type="stmt"/>
        <line num="12" count="8" type="stmt"/>
        <line num="13" count="3" type="stmt"/>
        <line num="14" count="3" type="cond" truecount="2" falsecount="0"/>
        <line num="15" count="1" type="stmt"/>
        <line num="16" count="1" type="stmt"/>
        <line num="20" count="2" type="stmt"/>
        <line num="25" count="2" type="stmt"/>
        <line num="26" count="2" type="stmt"/>
        <line num="29" count="8" type="stmt"/>
        <line num="30" count="1" type="stmt"/>
        <line num="31" count="1" type="stmt"/>
        <line num="36" count="8" type="stmt"/>
        <line num="37" count="7" type="stmt"/>
        <line num="40" count="8" type="stmt"/>
        <line num="41" count="1" type="stmt"/>
        <line num="42" count="1" type="stmt"/>
        <line num="43" count="1" type="cond" truecount="1" falsecount="1"/>
        <line num="44" count="1" type="stmt"/>
        <line num="46" count="0" type="stmt"/>
        <line num="51" count="8" type="stmt"/>
        <line num="64" count="3" type="stmt"/>
        <line num="73" count="3" type="stmt"/>
      </file>
      <file name="TodoItems.jsx" path="D:\Practice projects 2026\To-Do List App Using React JS And Tailwind CSS\src\components\TodoItems.jsx">
        <metrics statements="4" coveredstatements="4" conditionals="4" coveredconditionals="4" methods="3" coveredmethods="3"/>
        <line num="6" count="3" type="stmt"/>
        <line num="7" count="3" type="stmt"/>
        <line num="9" count="1" type="stmt"/>
        <line num="13" count="1" type="stmt"/>
      </file>
    </package>
  </project>
</coverage>
