{"D:\\Practice projects 2026\\To-Do List App Using React JS And Tailwind CSS\\public\\to_do_list.png": {"path":"D:\\Practice projects 2026\\To-Do List App Using React JS And Tailwind CSS\\public\\to_do_list.png","statementMap":{},"fnMap":{},"branchMap":{},"s":{},"f":{},"b":{},"meta":{"lastBranch":0,"lastFunction":0,"lastStatement":0,"seen":{}}}
,"D:\\Practice projects 2026\\To-Do List App Using React JS And Tailwind CSS\\src\\App.jsx": {"path":"D:\\Practice projects 2026\\To-Do List App Using React JS And Tailwind CSS\\src\\App.jsx","statementMap":{"0":{"start":{"line":4,"column":6},"end":{"line":8,"column":null}},"1":{"start":{"line":5,"column":2},"end":{"line":8,"column":null}}},"fnMap":{"0":{"name":"(anonymous_0)","decl":{"start":{"line":4,"column":6},"end":{"line":4,"column":18}},"loc":{"start":{"line":4,"column":18},"end":{"line":8,"column":null}},"line":4}},"branchMap":{},"s":{"0":3,"1":3},"f":{"0":3},"b":{},"meta":{"lastBranch":0,"lastFunction":1,"lastStatement":2,"seen":{"s:4:6:8:Infinity":0,"f:4:6:4:18":0,"s:5:2:8:Infinity":1}}}
,"D:\\Practice projects 2026\\To-Do List App Using React JS And Tailwind CSS\\src\\assets\\delete.png": {"path":"D:\\Practice projects 2026\\To-Do List App Using React JS And Tailwind CSS\\src\\assets\\delete.png","statementMap":{},"fnMap":{},"branchMap":{},"s":{},"f":{},"b":{},"meta":{"lastBranch":0,"lastFunction":0,"lastStatement":0,"seen":{}}}
,"D:\\Practice projects 2026\\To-Do List App Using React JS And Tailwind CSS\\src\\assets\\tick.png": {"path":"D:\\Practice projects 2026\\To-Do List App Using React JS And Tailwind CSS\\src\\assets\\tick.png","statementMap":{},"fnMap":{},"branchMap":{},"s":{},"f":{},"b":{},"meta":{"lastBranch":0,"lastFunction":0,"lastStatement":0,"seen":{}}}
,"D:\\Practice projects 2026\\To-Do List App Using React JS And Tailwind CSS\\src\\assets\\untick.png": {"path":"D:\\Practice projects 2026\\To-Do List App Using React JS And Tailwind CSS\\src\\assets\\untick.png","statementMap":{},"fnMap":{},"branchMap":{},"s":{},"f":{},"b":{},"meta":{"lastBranch":0,"lastFunction":0,"lastStatement":0,"seen":{}}}
,"D:\\Practice projects 2026\\To-Do List App Using React JS And Tailwind CSS\\src\\components\\Todo.jsx": {"path":"D:\\Practice projects 2026\\To-Do List App Using React JS And Tailwind CSS\\src\\components\\Todo.jsx","statementMap":{"0":{"start":{"line":5,"column":6},"end":{"line":75,"column":null}},"1":{"start":{"line":7,"column":19},"end":{"line":7,"column":121}},"2":{"start":{"line":8,"column":16},"end":{"line":8,"column":40}},"3":{"start":{"line":10,"column":8},"end":{"line":10,"column":27}},"4":{"start":{"line":12,"column":8},"end":{"line":26,"column":null}},"5":{"start":{"line":13,"column":22},"end":{"line":13,"column":51}},"6":{"start":{"line":14,"column":4},"end":{"line":16,"column":null}},"7":{"start":{"line":15,"column":6},"end":{"line":15,"column":null}},"8":{"start":{"line":16,"column":6},"end":{"line":16,"column":null}},"9":{"start":{"line":20,"column":20},"end":{"line":24,"column":null}},"10":{"start":{"line":25,"column":4},"end":{"line":25,"column":null}},"11":{"start":{"line":26,"column":5},"end":{"line":26,"column":null}},"12":{"start":{"line":29,"column":8},"end":{"line":33,"column":null}},"13":{"start":{"line":30,"column":4},"end":{"line":33,"column":null}},"14":{"start":{"line":31,"column":6},"end":{"line":32,"column":null}},"15":{"start":{"line":31,"column":36},"end":{"line":31,"column":null}},"16":{"start":{"line":36,"column":2},"end":{"line":38,"column":null}},"17":{"start":{"line":37,"column":4},"end":{"line":37,"column":null}},"18":{"start":{"line":40,"column":8},"end":{"line":48,"column":null}},"19":{"start":{"line":41,"column":4},"end":{"line":48,"column":null}},"20":{"start":{"line":42,"column":6},"end":{"line":47,"column":null}},"21":{"start":{"line":43,"column":8},"end":{"line":44,"column":null}},"22":{"start":{"line":44,"column":10},"end":{"line":44,"column":null}},"23":{"start":{"line":46,"column":8},"end":{"line":46,"column":null}},"24":{"start":{"line":51,"column":2},"end":{"line":75,"column":null}},"25":{"start":{"line":64,"column":43},"end":{"line":64,"column":55}},"26":{"start":{"line":73,"column":10},"end":{"line":73,"column":null}}},"fnMap":{"0":{"name":"(anonymous_0)","decl":{"start":{"line":5,"column":6},"end":{"line":5,"column":19}},"loc":{"start":{"line":5,"column":19},"end":{"line":75,"column":null}},"line":5},"1":{"name":"(anonymous_1)","decl":{"start":{"line":12,"column":8},"end":{"line":12,"column":20}},"loc":{"start":{"line":12,"column":20},"end":{"line":26,"column":null}},"line":12},"2":{"name":"(anonymous_2)","decl":{"start":{"line":29,"column":8},"end":{"line":29,"column":22}},"loc":{"start":{"line":29,"column":29},"end":{"line":33,"column":null}},"line":29},"3":{"name":"(anonymous_3)","decl":{"start":{"line":30,"column":4},"end":{"line":30,"column":17}},"loc":{"start":{"line":30,"column":27},"end":{"line":33,"column":null}},"line":30},"4":{"name":"(anonymous_4)","decl":{"start":{"line":31,"column":19},"end":{"line":31,"column":27}},"loc":{"start":{"line":31,"column":36},"end":{"line":31,"column":null}},"line":31},"5":{"name":"(anonymous_5)","decl":{"start":{"line":36,"column":2},"end":{"line":36,"column":18}},"loc":{"start":{"line":36,"column":18},"end":{"line":38,"column":5}},"line":36},"6":{"name":"(anonymous_6)","decl":{"start":{"line":40,"column":8},"end":{"line":40,"column":18}},"loc":{"start":{"line":40,"column":25},"end":{"line":48,"column":null}},"line":40},"7":{"name":"(anonymous_7)","decl":{"start":{"line":41,"column":4},"end":{"line":41,"column":17}},"loc":{"start":{"line":41,"column":30},"end":{"line":48,"column":null}},"line":41},"8":{"name":"(anonymous_8)","decl":{"start":{"line":42,"column":22},"end":{"line":42,"column":27}},"loc":{"start":{"line":42,"column":36},"end":{"line":47,"column":null}},"line":42},"9":{"name":"(anonymous_9)","decl":{"start":{"line":64,"column":30},"end":{"line":64,"column":43}},"loc":{"start":{"line":64,"column":43},"end":{"line":64,"column":55}},"line":64},"10":{"name":"(anonymous_10)","decl":{"start":{"line":72,"column":18},"end":{"line":72,"column":23}},"loc":{"start":{"line":72,"column":38},"end":{"line":74,"column":null}},"line":72}},"branchMap":{"0":{"loc":{"start":{"line":7,"column":43},"end":{"line":7,"column":120}},"type":"cond-expr","locations":[{"start":{"line":7,"column":75},"end":{"line":7,"column":116}},{"start":{"line":7,"column":118},"end":{"line":7,"column":120}}],"line":7},"1":{"loc":{"start":{"line":14,"column":4},"end":{"line":16,"column":null}},"type":"if","locations":[{"start":{"line":14,"column":4},"end":{"line":16,"column":null}},{"start":{},"end":{}}],"line":14},"2":{"loc":{"start":{"line":43,"column":8},"end":{"line":44,"column":null}},"type":"if","locations":[{"start":{"line":43,"column":8},"end":{"line":44,"column":null}},{"start":{},"end":{}}],"line":43}},"s":{"0":3,"1":8,"2":8,"3":8,"4":8,"5":3,"6":3,"7":1,"8":1,"9":2,"10":2,"11":2,"12":8,"13":1,"14":1,"15":1,"16":8,"17":7,"18":8,"19":1,"20":1,"21":1,"22":1,"23":0,"24":8,"25":3,"26":3},"f":{"0":8,"1":3,"2":1,"3":1,"4":1,"5":7,"6":1,"7":1,"8":1,"9":3,"10":3},"b":{"0":[5,3],"1":[1,2],"2":[1,0]},"meta":{"lastBranch":3,"lastFunction":11,"lastStatement":27,"seen":{"s:5:6:75:Infinity":0,"f:5:6:5:19":0,"s:7:19:7:121":1,"b:7:75:7:116:7:118:7:120":0,"s:8:16:8:40":2,"s:10:8:10:27":3,"s:12:8:26:Infinity":4,"f:12:8:12:20":1,"s:13:22:13:51":5,"b:14:4:16:Infinity:undefined:undefined:undefined:undefined":1,"s:14:4:16:Infinity":6,"s:15:6:15:Infinity":7,"s:16:6:16:Infinity":8,"s:20:20:24:Infinity":9,"s:25:4:25:Infinity":10,"s:26:5:26:Infinity":11,"s:29:8:33:Infinity":12,"f:29:8:29:22":2,"s:30:4:33:Infinity":13,"f:30:4:30:17":3,"s:31:6:32:Infinity":14,"f:31:19:31:27":4,"s:31:36:31:Infinity":15,"s:36:2:38:Infinity":16,"f:36:2:36:18":5,"s:37:4:37:Infinity":17,"s:40:8:48:Infinity":18,"f:40:8:40:18":6,"s:41:4:48:Infinity":19,"f:41:4:41:17":7,"s:42:6:47:Infinity":20,"f:42:22:42:27":8,"b:43:8:44:Infinity:undefined:undefined:undefined:undefined":2,"s:43:8:44:Infinity":21,"s:44:10:44:Infinity":22,"s:46:8:46:Infinity":23,"s:51:2:75:Infinity":24,"f:64:30:64:43":9,"s:64:43:64:55":25,"f:72:18:72:23":10,"s:73:10:73:Infinity":26}}}
,"D:\\Practice projects 2026\\To-Do List App Using React JS And Tailwind CSS\\src\\components\\TodoItems.jsx": {"path":"D:\\Practice projects 2026\\To-Do List App Using React JS And Tailwind CSS\\src\\components\\TodoItems.jsx","statementMap":{"0":{"start":{"line":6,"column":6},"end":{"line":13,"column":null}},"1":{"start":{"line":7,"column":2},"end":{"line":13,"column":null}},"2":{"start":{"line":9,"column":25},"end":{"line":9,"column":38}},"3":{"start":{"line":13,"column":25},"end":{"line":13,"column":39}}},"fnMap":{"0":{"name":"(anonymous_0)","decl":{"start":{"line":6,"column":6},"end":{"line":6,"column":19}},"loc":{"start":{"line":6,"column":63},"end":{"line":13,"column":null}},"line":6},"1":{"name":"(anonymous_1)","decl":{"start":{"line":9,"column":11},"end":{"line":9,"column":24}},"loc":{"start":{"line":9,"column":24},"end":{"line":9,"column":38}},"line":9},"2":{"name":"(anonymous_2)","decl":{"start":{"line":13,"column":11},"end":{"line":13,"column":25}},"loc":{"start":{"line":13,"column":25},"end":{"line":13,"column":39}},"line":13}},"branchMap":{"0":{"loc":{"start":{"line":10,"column":34},"end":{"line":10,"column":62}},"type":"cond-expr","locations":[{"start":{"line":10,"column":47},"end":{"line":10,"column":54}},{"start":{"line":10,"column":54},"end":{"line":10,"column":62}}],"line":10},"1":{"loc":{"start":{"line":11,"column":57},"end":{"line":11,"column":94}},"type":"cond-expr","locations":[{"start":{"line":11,"column":70},"end":{"line":11,"column":87}},{"start":{"line":11,"column":87},"end":{"line":11,"column":94}}],"line":11}},"s":{"0":3,"1":3,"2":1,"3":1},"f":{"0":3,"1":1,"2":1},"b":{"0":[1,2],"1":[1,2]},"meta":{"lastBranch":2,"lastFunction":3,"lastStatement":4,"seen":{"s:6:6:13:Infinity":0,"f:6:6:6:19":0,"s:7:2:13:Infinity":1,"f:9:11:9:24":1,"s:9:25:9:38":2,"b:10:47:10:54:10:54:10:62":0,"b:11:70:11:87:11:87:11:94":1,"f:13:11:13:25":2,"s:13:25:13:39":3}}}
}
